<html>
<head>
<title>TestNG:  Running Smoke suite in chrome</title>
<link href="../testng.css" rel="stylesheet" type="text/css" />
<link href="../my-testng.css" rel="stylesheet" type="text/css" />

<style type="text/css">
.log { display: none;} 
.stack-trace { display: none;} 
</style>
<script type="text/javascript">
<!--
function flip(e) {
  current = e.style.display;
  if (current == 'block') {
    e.style.display = 'none';
    return 0;
  }
  else {
    e.style.display = 'block';
    return 1;
  }
}

function toggleBox(szDivId, elem, msg1, msg2)
{
  var res = -1;  if (document.getElementById) {
    res = flip(document.getElementById(szDivId));
  }
  else if (document.all) {
    // this is the way old msie versions work
    res = flip(document.all[szDivId]);
  }
  if(elem) {
    if(res == 0) elem.innerHTML = msg1; else elem.innerHTML = msg2;
  }

}

function toggleAllBoxes() {
  if (document.getElementsByTagName) {
    d = document.getElementsByTagName('div');
    for (i = 0; i < d.length; i++) {
      if (d[i].className == 'log') {
        flip(d[i]);
      }
    }
  }
}

// -->
</script>

</head>
<body>
<h2 align='center'>Running Smoke suite in chrome</h2><table border='1' align="center">
<tr>
<td>Tests passed/Failed/Skipped:</td><td>0/0/8</td>
</tr><tr>
<td>Started on:</td><td>Tue Oct 27 13:39:34 EDT 2020</td>
</tr>
<tr><td>Total time:</td><td>2 seconds (2126 ms)</td>
</tr><tr>
<td>Included groups:</td><td></td>
</tr><tr>
<td>Excluded groups:</td><td></td>
</tr>
</table><p/>
<small><i>(Hover the method name to see the test class name)</i></small><p/>
<table width='100%' border='1' class='invocation-failed'>
<tr><td colspan='4' align='center'><b>FAILED CONFIGURATIONS</b></td></tr>
<tr><td><b>Test method</b></td>
<td width="30%"><b>Exception</b></td>
<td width="10%"><b>Time (seconds)</b></td>
<td><b>Instance</b></td>
</tr>
<tr>
<td title='testSide.SignInTest.openBrowers()'><b>openBrowers</b><br>Test class: testSide.SignInTest</td>
<td><div><pre>org.openqa.selenium.SessionNotCreatedException: session not created: This version of ChromeDriver only supports Chrome version 84
Build info: version: &apos;3.141.59&apos;, revision: &apos;e82be7d358&apos;, time: &apos;2018-11-14T08:25:48&apos;
System info: host: &apos;MOHAMMAD-UDDIN&apos;, ip: &apos;192.168.1.155&apos;, os.name: &apos;Windows 10&apos;, os.arch: &apos;amd64&apos;, os.version: &apos;10.0&apos;, java.version: &apos;1.8.0_261&apos;
Driver info: driver.version: ChromeDriver
remote stacktrace: Backtrace:
	Ordinal0 [0x00E887E3+2852835]
	Ordinal0 [0x00D75BB1+1727409]
	Ordinal0 [0x00C4E4B9+517305]
	Ordinal0 [0x00BE0BA0+68512]
	Ordinal0 [0x00BDD3A0+54176]
	Ordinal0 [0x00BFD9F7+186871]
	Ordinal0 [0x00BFD7FD+186365]
	Ordinal0 [0x00BFB70B+177931]
	Ordinal0 [0x00BE2584+75140]
	Ordinal0 [0x00BE3650+79440]
	Ordinal0 [0x00BE35E9+79337]
	Ordinal0 [0x00D8AD5C+1813852]
	GetHandleVerifier [0x00FAC616+1075574]
	GetHandleVerifier [0x00FAC367+1074887]
	GetHandleVerifier [0x00FB7497+1120247]
	GetHandleVerifier [0x00FACC16+1077110]
	Ordinal0 [0x00D83206+1782278]
	Ordinal0 [0x00D8C3BB+1819579]
	Ordinal0 [0x00D8C523+1819939]
	Ordinal0 [0x00DA2B45+1911621]
	BaseThreadInitThunk [0x7738FA29+25]
	RtlGetAppContainerNamedObjectPath [0x77BE75F4+228]
	RtlGetAppContainerNamedObjectPath [0x77BE75C4+180]

	at org.openqa.selenium.remote.W3CHandshakeResponse.lambda$errorHandler$0(W3CHandshakeResponse.java:62)
	at org.openqa.selenium.remote.HandshakeResponse.lambda$getResponseFunction$0(HandshakeResponse.java:30)
	at org.openqa.selenium.remote.ProtocolHandshake.lambda$createSession$0(ProtocolHandshake.java:126)
	at java.util.stream.ReferencePipeline$3$1.accept(Unknown Source)
	at java.util.Spliterators$ArraySpliterator.tryAdvance(Unknown Source)
	at java.util.stream.ReferencePipeline.forEachWithCancel(Unknown Source)
	at java.util.stream.AbstractPipeline.copyIntoWithCancel(Unknown Source)
	at java.util.stream.AbstractPipeline.copyInto(Unknown Source)
	at java.util.stream.AbstractPipeline.wrapAndCopyInto(Unknown Source)
	at java.util.stream.FindOps$FindOp.evaluateSequential(Unknown Source)
	at java.util.stream.AbstractPipeline.evaluate(Unknown Source)
	at java.util.stream.ReferencePipeline.findFirst(Unknown Source)
	at org.openqa.selenium.remote.ProtocolHandshake.createSession(ProtocolHandshake.java:128)
	at org.openqa.selenium.remote.ProtocolHandshake.createSession(ProtocolHandshake.java:74)
	at org.openqa.selenium.remote.HttpCommandExecutor.execute(HttpCommandExecutor.java:136)
	at org.openqa.selenium.remote.service.DriverCommandExecutor.execute(DriverCommandExecutor.java:83)
	at org.openqa.selenium.remote.RemoteWebDriver.execute(RemoteWebDriver.java:552)
	at org.openqa.selenium.remote.RemoteWebDriver.startSession(RemoteWebDriver.java:213)
	at org.openqa.selenium.remote.RemoteWebDriver.&lt;init&gt;(RemoteWebDriver.java:131)
	at org.openqa.selenium.chrome.ChromeDriver.&lt;init&gt;(ChromeDriver.java:181)
	at org.openqa.selenium.chrome.ChromeDriver.&lt;init&gt;(ChromeDriver.java:168)
	at org.openqa.selenium.chrome.ChromeDriver.&lt;init&gt;(ChromeDriver.java:123)
	at mainpage.BizBangladesh.openBrowers(BizBangladesh.java:39)
... Removed 30 stack frames</pre></div><a href='#' onClick='toggleBox("stack-trace1428475041", this, "Click to show all stack frames", "Click to hide stack frames")'>Click to show all stack frames</a>
<div class='stack-trace' id='stack-trace1428475041'><pre>org.openqa.selenium.SessionNotCreatedException: session not created: This version of ChromeDriver only supports Chrome version 84
Build info: version: &apos;3.141.59&apos;, revision: &apos;e82be7d358&apos;, time: &apos;2018-11-14T08:25:48&apos;
System info: host: &apos;MOHAMMAD-UDDIN&apos;, ip: &apos;192.168.1.155&apos;, os.name: &apos;Windows 10&apos;, os.arch: &apos;amd64&apos;, os.version: &apos;10.0&apos;, java.version: &apos;1.8.0_261&apos;
Driver info: driver.version: ChromeDriver
remote stacktrace: Backtrace:
	Ordinal0 [0x00E887E3+2852835]
	Ordinal0 [0x00D75BB1+1727409]
	Ordinal0 [0x00C4E4B9+517305]
	Ordinal0 [0x00BE0BA0+68512]
	Ordinal0 [0x00BDD3A0+54176]
	Ordinal0 [0x00BFD9F7+186871]
	Ordinal0 [0x00BFD7FD+186365]
	Ordinal0 [0x00BFB70B+177931]
	Ordinal0 [0x00BE2584+75140]
	Ordinal0 [0x00BE3650+79440]
	Ordinal0 [0x00BE35E9+79337]
	Ordinal0 [0x00D8AD5C+1813852]
	GetHandleVerifier [0x00FAC616+1075574]
	GetHandleVerifier [0x00FAC367+1074887]
	GetHandleVerifier [0x00FB7497+1120247]
	GetHandleVerifier [0x00FACC16+1077110]
	Ordinal0 [0x00D83206+1782278]
	Ordinal0 [0x00D8C3BB+1819579]
	Ordinal0 [0x00D8C523+1819939]
	Ordinal0 [0x00DA2B45+1911621]
	BaseThreadInitThunk [0x7738FA29+25]
	RtlGetAppContainerNamedObjectPath [0x77BE75F4+228]
	RtlGetAppContainerNamedObjectPath [0x77BE75C4+180]

	at sun.reflect.NativeConstructorAccessorImpl.newInstance0(Native Method)
	at sun.reflect.NativeConstructorAccessorImpl.newInstance(Unknown Source)
	at sun.reflect.DelegatingConstructorAccessorImpl.newInstance(Unknown Source)
	at java.lang.reflect.Constructor.newInstance(Unknown Source)
	at org.openqa.selenium.remote.W3CHandshakeResponse.lambda$errorHandler$0(W3CHandshakeResponse.java:62)
	at org.openqa.selenium.remote.HandshakeResponse.lambda$getResponseFunction$0(HandshakeResponse.java:30)
	at org.openqa.selenium.remote.ProtocolHandshake.lambda$createSession$0(ProtocolHandshake.java:126)
	at java.util.stream.ReferencePipeline$3$1.accept(Unknown Source)
	at java.util.Spliterators$ArraySpliterator.tryAdvance(Unknown Source)
	at java.util.stream.ReferencePipeline.forEachWithCancel(Unknown Source)
	at java.util.stream.AbstractPipeline.copyIntoWithCancel(Unknown Source)
	at java.util.stream.AbstractPipeline.copyInto(Unknown Source)
	at java.util.stream.AbstractPipeline.wrapAndCopyInto(Unknown Source)
	at java.util.stream.FindOps$FindOp.evaluateSequential(Unknown Source)
	at java.util.stream.AbstractPipeline.evaluate(Unknown Source)
	at java.util.stream.ReferencePipeline.findFirst(Unknown Source)
	at org.openqa.selenium.remote.ProtocolHandshake.createSession(ProtocolHandshake.java:128)
	at org.openqa.selenium.remote.ProtocolHandshake.createSession(ProtocolHandshake.java:74)
	at org.openqa.selenium.remote.HttpCommandExecutor.execute(HttpCommandExecutor.java:136)
	at org.openqa.selenium.remote.service.DriverCommandExecutor.execute(DriverCommandExecutor.java:83)
	at org.openqa.selenium.remote.RemoteWebDriver.execute(RemoteWebDriver.java:552)
	at org.openqa.selenium.remote.RemoteWebDriver.startSession(RemoteWebDriver.java:213)
	at org.openqa.selenium.remote.RemoteWebDriver.&lt;init&gt;(RemoteWebDriver.java:131)
	at org.openqa.selenium.chrome.ChromeDriver.&lt;init&gt;(ChromeDriver.java:181)
	at org.openqa.selenium.chrome.ChromeDriver.&lt;init&gt;(ChromeDriver.java:168)
	at org.openqa.selenium.chrome.ChromeDriver.&lt;init&gt;(ChromeDriver.java:123)
	at mainpage.BizBangladesh.openBrowers(BizBangladesh.java:39)
	at sun.reflect.NativeMethodAccessorImpl.invoke0(Native Method)
	at sun.reflect.NativeMethodAccessorImpl.invoke(Unknown Source)
	at sun.reflect.DelegatingMethodAccessorImpl.invoke(Unknown Source)
	at java.lang.reflect.Method.invoke(Unknown Source)
	at org.testng.internal.MethodInvocationHelper.invokeMethod(MethodInvocationHelper.java:86)
	at org.testng.internal.Invoker.invokeConfigurationMethod(Invoker.java:514)
	at org.testng.internal.Invoker.invokeConfigurations(Invoker.java:215)
	at org.testng.internal.Invoker.invokeMethod(Invoker.java:589)
	at org.testng.internal.Invoker.invokeTestMethod(Invoker.java:822)
	at org.testng.internal.Invoker.invokeTestMethods(Invoker.java:1130)
	at org.testng.internal.TestMethodWorker.invokeTestMethods(TestMethodWorker.java:129)
	at org.testng.internal.TestMethodWorker.run(TestMethodWorker.java:112)
	at org.testng.TestRunner.privateRun(TestRunner.java:782)
	at org.testng.TestRunner.run(TestRunner.java:632)
	at org.testng.SuiteRunner.runTest(SuiteRunner.java:366)
	at org.testng.SuiteRunner.runSequentially(SuiteRunner.java:361)
	at org.testng.SuiteRunner.privateRun(SuiteRunner.java:319)
	at org.testng.SuiteRunner.run(SuiteRunner.java:268)
	at org.testng.SuiteRunnerWorker.runSuite(SuiteRunnerWorker.java:52)
	at org.testng.SuiteRunnerWorker.run(SuiteRunnerWorker.java:86)
	at org.testng.TestNG.runSuitesSequentially(TestNG.java:1244)
	at org.testng.TestNG.runSuitesLocally(TestNG.java:1169)
	at org.testng.TestNG.run(TestNG.java:1064)
	at org.testng.remote.RemoteTestNG.run(RemoteTestNG.java:113)
	at org.testng.remote.RemoteTestNG.initAndRun(RemoteTestNG.java:206)
	at org.testng.remote.RemoteTestNG.main(RemoteTestNG.java:177)
</pre></div></td>
<td>0</td>
<td>testSide.SignInTest@2aafb23c</td></tr>
</table><p>
<table width='100%' border='1' class='invocation-skipped'>
<tr><td colspan='4' align='center'><b>SKIPPED CONFIGURATIONS</b></td></tr>
<tr><td><b>Test method</b></td>
<td width="30%"><b>Exception</b></td>
<td width="10%"><b>Time (seconds)</b></td>
<td><b>Instance</b></td>
</tr>
<tr>
<td title='testSide.SignInTest.openBrowers()'><b>openBrowers</b><br>Test class: testSide.SignInTest</td>
<td></td>
<td>0</td>
<td>testSide.SignInTest@2aafb23c</td></tr>
<tr>
<td title='testSide.SignInTest.openBrowers()'><b>openBrowers</b><br>Test class: testSide.SignInTest</td>
<td></td>
<td>0</td>
<td>testSide.SignInTest@2aafb23c</td></tr>
<tr>
<td title='testSide.SignInTest.openBrowers()'><b>openBrowers</b><br>Test class: testSide.SignInTest</td>
<td></td>
<td>0</td>
<td>testSide.SignInTest@2aafb23c</td></tr>
<tr>
<td title='testSide.SignInTest.openBrowers()'><b>openBrowers</b><br>Test class: testSide.SignInTest</td>
<td></td>
<td>0</td>
<td>testSide.SignInTest@2aafb23c</td></tr>
<tr>
<td title='testSide.SignInTest.openBrowers()'><b>openBrowers</b><br>Test class: testSide.SignInTest</td>
<td></td>
<td>0</td>
<td>testSide.SignInTest@2aafb23c</td></tr>
<tr>
<td title='testSide.SignInTest.openBrowers()'><b>openBrowers</b><br>Test class: testSide.SignInTest</td>
<td></td>
<td>0</td>
<td>testSide.SignInTest@2aafb23c</td></tr>
<tr>
<td title='testSide.JoinInTest.openBrowers()'><b>openBrowers</b><br>Test class: testSide.JoinInTest</td>
<td></td>
<td>0</td>
<td>testSide.JoinInTest@2b80d80f</td></tr>
<tr>
<td title='testSide.SignInTest.afterEachTestMethod()'><b>afterEachTestMethod</b><br>Test class: testSide.SignInTest</td>
<td></td>
<td>0</td>
<td>testSide.SignInTest@2aafb23c</td></tr>
<tr>
<td title='testSide.SignInTest.afterEachTestMethod()'><b>afterEachTestMethod</b><br>Test class: testSide.SignInTest</td>
<td></td>
<td>0</td>
<td>testSide.SignInTest@2aafb23c</td></tr>
<tr>
<td title='testSide.SignInTest.afterEachTestMethod()'><b>afterEachTestMethod</b><br>Test class: testSide.SignInTest</td>
<td></td>
<td>0</td>
<td>testSide.SignInTest@2aafb23c</td></tr>
<tr>
<td title='testSide.SignInTest.afterEachTestMethod()'><b>afterEachTestMethod</b><br>Test class: testSide.SignInTest</td>
<td></td>
<td>0</td>
<td>testSide.SignInTest@2aafb23c</td></tr>
<tr>
<td title='testSide.SignInTest.afterEachTestMethod()'><b>afterEachTestMethod</b><br>Test class: testSide.SignInTest</td>
<td></td>
<td>0</td>
<td>testSide.SignInTest@2aafb23c</td></tr>
<tr>
<td title='testSide.SignInTest.afterEachTestMethod()'><b>afterEachTestMethod</b><br>Test class: testSide.SignInTest</td>
<td></td>
<td>0</td>
<td>testSide.SignInTest@2aafb23c</td></tr>
<tr>
<td title='testSide.SignInTest.afterEachTestMethod()'><b>afterEachTestMethod</b><br>Test class: testSide.SignInTest</td>
<td></td>
<td>0</td>
<td>testSide.SignInTest@2aafb23c</td></tr>
<tr>
<td title='testSide.JoinInTest.afterEachTestMethod()'><b>afterEachTestMethod</b><br>Test class: testSide.JoinInTest</td>
<td></td>
<td>0</td>
<td>testSide.JoinInTest@2b80d80f</td></tr>
</table><p>
<table width='100%' border='1' class='invocation-skipped'>
<tr><td colspan='4' align='center'><b>SKIPPED TESTS</b></td></tr>
<tr><td><b>Test method</b></td>
<td width="30%"><b>Exception</b></td>
<td width="10%"><b>Time (seconds)</b></td>
<td><b>Instance</b></td>
</tr>
<tr>
<td title='testSide.SignInTest.ComputerItTest()'><b>ComputerItTest</b><br>Test class: testSide.SignInTest</td>
<td></td>
<td>0</td>
<td>testSide.SignInTest@2aafb23c</td></tr>
<tr>
<td title='testSide.JoinInTest.JoinInBiz()'><b>JoinInBiz</b><br>Test class: testSide.JoinInTest</td>
<td></td>
<td>0</td>
<td>testSide.JoinInTest@2b80d80f</td></tr>
<tr>
<td title='testSide.SignInTest.NameVerify()'><b>NameVerify</b><br>Test class: testSide.SignInTest</td>
<td></td>
<td>0</td>
<td>testSide.SignInTest@2aafb23c</td></tr>
<tr>
<td title='testSide.SignInTest.SignInBiz()'><b>SignInBiz</b><br>Test class: testSide.SignInTest</td>
<td></td>
<td>0</td>
<td>testSide.SignInTest@2aafb23c</td></tr>
<tr>
<td title='testSide.SignInTest.SignOut()'><b>SignOut</b><br>Test class: testSide.SignInTest</td>
<td></td>
<td>0</td>
<td>testSide.SignInTest@2aafb23c</td></tr>
<tr>
<td title='testSide.SignInTest.distableTest()'><b>distableTest</b><br>Test class: testSide.SignInTest</td>
<td></td>
<td>0</td>
<td>testSide.SignInTest@2aafb23c</td></tr>
<tr>
<td title='testSide.SignInTest.invaildemail()'><b>invaildemail</b><br>Test class: testSide.SignInTest</td>
<td></td>
<td>0</td>
<td>testSide.SignInTest@2aafb23c</td></tr>
<tr>
<td title='testSide.SignInTest.tryCatchTest()'><b>tryCatchTest</b><br>Test class: testSide.SignInTest</td>
<td></td>
<td>0</td>
<td>testSide.SignInTest@2aafb23c</td></tr>
</table><p>
</body>
</html>